# JRE version: OpenJDK Runtime Environment GraalVM CE 20.2.0 (11.0.8+10) (build 11.0.8+10-jvmci-20.2-b03)
# Java VM: OpenJDK 64-Bit Server VM GraalVM CE 20.2.0 (11.0.8+10-jvmci-20.2-b03, mixed mode, tiered, jvmci, jvmci compiler, compressed oops, parallel gc, windows-amd64)
Heap:
 PSYoungGen      total 924672K, used 506738K [0x00000006f5200000, 0x0000000732980000, 0x00000007c0000000)
  eden space 843264K, 58% used [0x00000006f5200000,0x0000000713508630,0x0000000728980000)
  from space 81408K, 14% used [0x000000072da00000,0x000000072e5d4210,0x0000000732980000)
  to   space 81920K, 0% used [0x0000000728980000,0x0000000728980000,0x000000072d980000)
 ParOldGen       total 699392K, used 148124K [0x000000055f600000, 0x000000058a100000, 0x00000006f5200000)
  object space 699392K, 21% used [0x000000055f600000,0x00000005686a71b0,0x000000058a100000)
 Metaspace       used 106099K, capacity 109180K, committed 109288K, reserved 1142784K
  class space    used 15605K, capacity 16867K, committed 16912K, reserved 1048576K
GC Heap History (20 events):
Event: 3.425 GC heap before
{Heap before GC invocations=5 (full 2):
 PSYoungGen      total 305664K, used 120603K [0x00000006f5200000, 0x000000070a700000, 0x00000007c0000000)
  eden space 262144K, 46% used [0x00000006f5200000,0x00000006fc7c6d88,0x0000000705200000)
  from space 43520K, 0% used [0x0000000707c80000,0x0000000707c80000,0x000000070a700000)
  to   space 43520K, 0% used [0x0000000705200000,0x0000000705200000,0x0000000707c80000)
 ParOldGen       total 699392K, used 21070K [0x000000055f600000, 0x000000058a100000, 0x00000006f5200000)
  object space 699392K, 3% used [0x000000055f600000,0x0000000560a93b80,0x000000058a100000)
 Metaspace       used 58419K, capacity 58911K, committed 58968K, reserved 1099776K
  class space    used 8162K, capacity 8313K, committed 8320K, reserved 1048576K
}
Event: 3.444 GC heap after
{Heap after GC invocations=5 (full 2):
 PSYoungGen      total 305664K, used 13381K [0x00000006f5200000, 0x000000070a700000, 0x00000007c0000000)
  eden space 262144K, 0% used [0x00000006f5200000,0x00000006f5200000,0x0000000705200000)
  from space 43520K, 30% used [0x0000000705200000,0x0000000705f117a0,0x0000000707c80000)
  to   space 43520K, 0% used [0x0000000707c80000,0x0000000707c80000,0x000000070a700000)
 ParOldGen       total 699392K, used 21070K [0x000000055f600000, 0x000000058a100000, 0x00000006f5200000)
  object space 699392K, 3% used [0x000000055f600000,0x0000000560a93b80,0x000000058a100000)
 Metaspace       used 58419K, capacity 58911K, committed 58968K, reserved 1099776K
  class space    used 8162K, capacity 8313K, committed 8320K, reserved 1048576K
}
Event: 3.444 GC heap before
{Heap before GC invocations=6 (full 3):
 PSYoungGen      total 305664K, used 13381K [0x00000006f5200000, 0x000000070a700000, 0x00000007c0000000)
  eden space 262144K, 0% used [0x00000006f5200000,0x00000006f5200000,0x0000000705200000)
  from space 43520K, 30% used [0x0000000705200000,0x0000000705f117a0,0x0000000707c80000)
  to   space 43520K, 0% used [0x0000000707c80000,0x0000000707c80000,0x000000070a700000)
 ParOldGen       total 699392K, used 21070K [0x000000055f600000, 0x000000058a100000, 0x00000006f5200000)
  object space 699392K, 3% used [0x000000055f600000,0x0000000560a93b80,0x000000058a100000)
 Metaspace       used 58419K, capacity 58911K, committed 58968K, reserved 1099776K
  class space    used 8162K, capacity 8313K, committed 8320K, reserved 1048576K
}
Event: 3.609 GC heap after
{Heap after GC invocations=6 (full 3):
 PSYoungGen      total 305664K, used 0K [0x00000006f5200000, 0x000000070a700000, 0x00000007c0000000)
  eden space 262144K, 0% used [0x00000006f5200000,0x00000006f5200000,0x0000000705200000)
  from space 43520K, 0% used [0x0000000705200000,0x0000000705200000,0x0000000707c80000)
  to   space 43520K, 0% used [0x0000000707c80000,0x0000000707c80000,0x000000070a700000)
 ParOldGen       total 699392K, used 32885K [0x000000055f600000, 0x000000058a100000, 0x00000006f5200000)
  object space 699392K, 4% used [0x000000055f600000,0x000000056161d7e8,0x000000058a100000)
 Metaspace       used 58408K, capacity 58893K, committed 58968K, reserved 1099776K
  class space    used 8161K, capacity 8310K, committed 8320K, reserved 1048576K
}
Event: 12.125 GC heap before
{Heap before GC invocations=7 (full 3):
 PSYoungGen      total 305664K, used 262144K [0x00000006f5200000, 0x000000070a700000, 0x00000007c0000000)
  eden space 262144K, 100% used [0x00000006f5200000,0x0000000705200000,0x0000000705200000)
  from space 43520K, 0% used [0x0000000705200000,0x0000000705200000,0x0000000707c80000)
  to   space 43520K, 0% used [0x0000000707c80000,0x0000000707c80000,0x000000070a700000)
 ParOldGen       total 699392K, used 32885K [0x000000055f600000, 0x000000058a100000, 0x00000006f5200000)
  object space 699392K, 4% used [0x000000055f600000,0x000000056161d7e8,0x000000058a100000)
 Metaspace       used 92753K, capacity 94002K, committed 94168K, reserved 1130496K
  class space    used 13691K, capacity 14068K, committed 14080K, reserved 1048576K
}
Event: 12.159 GC heap after
{Heap after GC invocations=7 (full 3):
 PSYoungGen      total 305664K, used 34606K [0x00000006f5200000, 0x000000071a700000, 0x00000007c0000000)
  eden space 262144K, 0% used [0x00000006f5200000,0x00000006f5200000,0x0000000705200000)
  from space 43520K, 79% used [0x0000000707c80000,0x0000000709e4bbc0,0x000000070a700000)
  to   space 43520K, 0% used [0x0000000705200000,0x0000000705200000,0x0000000707c80000)
 ParOldGen       total 699392K, used 32901K [0x000000055f600000, 0x000000058a100000, 0x00000006f5200000)
  object space 699392K, 4% used [0x000000055f600000,0x00000005616217e8,0x000000058a100000)
 Metaspace       used 92753K, capacity 94002K, committed 94168K, reserved 1130496K
  class space    used 13691K, capacity 14068K, committed 14080K, reserved 1048576K
}
Event: 14.990 GC heap before
{Heap before GC invocations=8 (full 3):
 PSYoungGen      total 305664K, used 296750K [0x00000006f5200000, 0x000000071a700000, 0x00000007c0000000)
  eden space 262144K, 100% used [0x00000006f5200000,0x0000000705200000,0x0000000705200000)
  from space 43520K, 79% used [0x0000000707c80000,0x0000000709e4bbc0,0x000000070a700000)
  to   space 43520K, 0% used [0x0000000705200000,0x0000000705200000,0x0000000707c80000)
 ParOldGen       total 699392K, used 32901K [0x000000055f600000, 0x000000058a100000, 0x00000006f5200000)
  object space 699392K, 4% used [0x000000055f600000,0x00000005616217e8,0x000000058a100000)
 Metaspace       used 94528K, capacity 95852K, committed 95960K, reserved 1130496K
  class space    used 13840K, capacity 14261K, committed 14336K, reserved 1048576K
}
Event: 15.043 GC heap after
{Heap after GC invocations=8 (full 3):
 PSYoungGen      total 305664K, used 43512K [0x00000006f5200000, 0x000000071be00000, 0x00000007c0000000)
  eden space 262144K, 0% used [0x00000006f5200000,0x00000006f5200000,0x0000000705200000)
  from space 43520K, 99% used [0x0000000705200000,0x0000000707c7e260,0x0000000707c80000)
  to   space 55296K, 0% used [0x0000000718800000,0x0000000718800000,0x000000071be00000)
 ParOldGen       total 699392K, used 44125K [0x000000055f600000, 0x000000058a100000, 0x00000006f5200000)
  object space 699392K, 6% used [0x000000055f600000,0x00000005621177b0,0x000000058a100000)
 Metaspace       used 94528K, capacity 95852K, committed 95960K, reserved 1130496K
  class space    used 13840K, capacity 14261K, committed 14336K, reserved 1048576K
}
Event: 17.081 GC heap before
{Heap before GC invocations=9 (full 3):
 PSYoungGen      total 305664K, used 305656K [0x00000006f5200000, 0x000000071be00000, 0x00000007c0000000)
  eden space 262144K, 100% used [0x00000006f5200000,0x0000000705200000,0x0000000705200000)
  from space 43520K, 99% used [0x0000000705200000,0x0000000707c7e260,0x0000000707c80000)
  to   space 55296K, 0% used [0x0000000718800000,0x0000000718800000,0x000000071be00000)
 ParOldGen       total 699392K, used 44125K [0x000000055f600000, 0x000000058a100000, 0x00000006f5200000)
  object space 699392K, 6% used [0x000000055f600000,0x00000005621177b0,0x000000058a100000)
 Metaspace       used 95645K, capacity 97054K, committed 97112K, reserved 1132544K
  class space    used 13962K, capacity 14423K, committed 14464K, reserved 1048576K
}
Event: 17.141 GC heap after
{Heap after GC invocations=9 (full 3):
 PSYoungGen      total 565760K, used 55275K [0x00000006f5200000, 0x000000071d900000, 0x00000007c0000000)
  eden space 510464K, 0% used [0x00000006f5200000,0x00000006f5200000,0x0000000714480000)
  from space 55296K, 99% used [0x0000000718800000,0x000000071bdface8,0x000000071be00000)
  to   space 69120K, 0% used [0x0000000714480000,0x0000000714480000,0x0000000718800000)
 ParOldGen       total 699392K, used 47136K [0x000000055f600000, 0x000000058a100000, 0x00000006f5200000)
  object space 699392K, 6% used [0x000000055f600000,0x0000000562408118,0x000000058a100000)
 Metaspace       used 95645K, capacity 97054K, committed 97112K, reserved 1132544K
  class space    used 13962K, capacity 14423K, committed 14464K, reserved 1048576K
}
Event: 21.512 GC heap before
{Heap before GC invocations=10 (full 3):
 PSYoungGen      total 565760K, used 561512K [0x00000006f5200000, 0x000000071d900000, 0x00000007c0000000)
  eden space 510464K, 99% used [0x00000006f5200000,0x000000071405f5a0,0x0000000714480000)
  from space 55296K, 99% used [0x0000000718800000,0x000000071bdface8,0x000000071be00000)
  to   space 69120K, 0% used [0x0000000714480000,0x0000000714480000,0x0000000718800000)
 ParOldGen       total 699392K, used 47136K [0x000000055f600000, 0x000000058a100000, 0x00000006f5200000)
  object space 699392K, 6% used [0x000000055f600000,0x0000000562408118,0x000000058a100000)
 Metaspace       used 96753K, capacity 98253K, committed 98280K, reserved 1132544K
  class space    used 14123K, capacity 14608K, committed 14608K, reserved 1048576K
}
Event: 21.609 GC heap after
{Heap after GC invocations=10 (full 3):
 PSYoungGen      total 579584K, used 69110K [0x00000006f5200000, 0x0000000720100000, 0x00000007c0000000)
  eden space 510464K, 0% used [0x00000006f5200000,0x00000006f5200000,0x0000000714480000)
  from space 69120K, 99% used [0x0000000714480000,0x00000007187fd930,0x0000000718800000)
  to   space 89600K, 0% used [0x000000071a980000,0x000000071a980000,0x0000000720100000)
 ParOldGen       total 699392K, used 60900K [0x000000055f600000, 0x000000058a100000, 0x00000006f5200000)
  object space 699392K, 8% used [0x000000055f600000,0x0000000563179160,0x000000058a100000)
 Metaspace       used 96753K, capacity 98253K, committed 98280K, reserved 1132544K
  class space    used 14123K, capacity 14608K, committed 14608K, reserved 1048576K
}
Event: 21.609 GC heap before
{Heap before GC invocations=11 (full 4):
 PSYoungGen      total 579584K, used 69110K [0x00000006f5200000, 0x0000000720100000, 0x00000007c0000000)
  eden space 510464K, 0% used [0x00000006f5200000,0x00000006f5200000,0x0000000714480000)
  from space 69120K, 99% used [0x0000000714480000,0x00000007187fd930,0x0000000718800000)
  to   space 89600K, 0% used [0x000000071a980000,0x000000071a980000,0x0000000720100000)
 ParOldGen       total 699392K, used 60900K [0x000000055f600000, 0x000000058a100000, 0x00000006f5200000)
  object space 699392K, 8% used [0x000000055f600000,0x0000000563179160,0x000000058a100000)
 Metaspace       used 96753K, capacity 98253K, committed 98280K, reserved 1132544K
  class space    used 14123K, capacity 14608K, committed 14608K, reserved 1048576K
}
Event: 22.243 GC heap after
{Heap after GC invocations=11 (full 4):
 PSYoungGen      total 579584K, used 0K [0x00000006f5200000, 0x0000000720100000, 0x00000007c0000000)
  eden space 510464K, 0% used [0x00000006f5200000,0x00000006f5200000,0x0000000714480000)
  from space 69120K, 0% used [0x0000000714480000,0x0000000714480000,0x0000000718800000)
  to   space 89600K, 0% used [0x000000071a980000,0x000000071a980000,0x0000000720100000)
 ParOldGen       total 699392K, used 127255K [0x000000055f600000, 0x000000058a100000, 0x00000006f5200000)
  object space 699392K, 18% used [0x000000055f600000,0x0000000567245c40,0x000000058a100000)
 Metaspace       used 96727K, capacity 98212K, committed 98280K, reserved 1132544K
  class space    used 14118K, capacity 14599K, committed 14608K, reserved 1048576K
}
Event: 24.993 GC heap before
{Heap before GC invocations=12 (full 4):
 PSYoungGen      total 579584K, used 510464K [0x00000006f5200000, 0x0000000720100000, 0x00000007c0000000)
  eden space 510464K, 100% used [0x00000006f5200000,0x0000000714480000,0x0000000714480000)
  from space 69120K, 0% used [0x0000000714480000,0x0000000714480000,0x0000000718800000)
  to   space 89600K, 0% used [0x000000071a980000,0x000000071a980000,0x0000000720100000)
 ParOldGen       total 699392K, used 127255K [0x000000055f600000, 0x000000058a100000, 0x00000006f5200000)
  object space 699392K, 18% used [0x000000055f600000,0x0000000567245c40,0x000000058a100000)
 Metaspace       used 99261K, capacity 101001K, committed 101224K, reserved 1134592K
  class space    used 14568K, capacity 15174K, committed 15248K, reserved 1048576K
}
Event: 25.013 GC heap after
{Heap after GC invocations=12 (full 4):
 PSYoungGen      total 616448K, used 21218K [0x00000006f5200000, 0x000000073e100000, 0x00000007c0000000)
  eden space 526848K, 0% used [0x00000006f5200000,0x00000006f5200000,0x0000000715480000)
  from space 89600K, 23% used [0x000000071a980000,0x000000071be38940,0x0000000720100000)
  to   space 87040K, 0% used [0x0000000715480000,0x0000000715480000,0x000000071a980000)
 ParOldGen       total 699392K, used 127263K [0x000000055f600000, 0x000000058a100000, 0x00000006f5200000)
  object space 699392K, 18% used [0x000000055f600000,0x0000000567247c40,0x000000058a100000)
 Metaspace       used 99261K, capacity 101001K, committed 101224K, reserved 1134592K
  class space    used 14568K, capacity 15174K, committed 15248K, reserved 1048576K
}
Event: 27.099 GC heap before
{Heap before GC invocations=13 (full 4):
 PSYoungGen      total 616448K, used 548066K [0x00000006f5200000, 0x000000073e100000, 0x00000007c0000000)
  eden space 526848K, 100% used [0x00000006f5200000,0x0000000715480000,0x0000000715480000)
  from space 89600K, 23% used [0x000000071a980000,0x000000071be38940,0x0000000720100000)
  to   space 87040K, 0% used [0x0000000715480000,0x0000000715480000,0x000000071a980000)
 ParOldGen       total 699392K, used 127263K [0x000000055f600000, 0x000000058a100000, 0x00000006f5200000)
  object space 699392K, 18% used [0x000000055f600000,0x0000000567247c40,0x000000058a100000)
 Metaspace       used 103168K, capacity 105837K, committed 105960K, reserved 1138688K
  class space    used 15217K, capacity 16318K, committed 16400K, reserved 1048576K
}
Event: 27.126 GC heap after
{Heap after GC invocations=13 (full 4):
 PSYoungGen      total 613888K, used 31512K [0x00000006f5200000, 0x0000000732a80000, 0x00000007c0000000)
  eden space 526848K, 0% used [0x00000006f5200000,0x00000006f5200000,0x0000000715480000)
  from space 87040K, 36% used [0x0000000715480000,0x00000007173460d8,0x000000071a980000)
  to   space 82432K, 0% used [0x000000072da00000,0x000000072da00000,0x0000000732a80000)
 ParOldGen       total 699392K, used 127271K [0x000000055f600000, 0x000000058a100000, 0x00000006f5200000)
  object space 699392K, 18% used [0x000000055f600000,0x0000000567249c40,0x000000058a100000)
 Metaspace       used 103168K, capacity 105837K, committed 105960K, reserved 1138688K
  class space    used 15217K, capacity 16318K, committed 16400K, reserved 1048576K
}
Event: 27.858 GC heap before
{Heap before GC invocations=14 (full 4):
 PSYoungGen      total 613888K, used 558360K [0x00000006f5200000, 0x0000000732a80000, 0x00000007c0000000)
  eden space 526848K, 100% used [0x00000006f5200000,0x0000000715480000,0x0000000715480000)
  from space 87040K, 36% used [0x0000000715480000,0x00000007173460d8,0x000000071a980000)
  to   space 82432K, 0% used [0x000000072da00000,0x000000072da00000,0x0000000732a80000)
 ParOldGen       total 699392K, used 127271K [0x000000055f600000, 0x000000058a100000, 0x00000006f5200000)
  object space 699392K, 18% used [0x000000055f600000,0x0000000567249c40,0x000000058a100000)
 Metaspace       used 104028K, capacity 106701K, committed 106984K, reserved 1140736K
  class space    used 15270K, capacity 16350K, committed 16400K, reserved 1048576K
}
Event: 27.891 GC heap after
{Heap after GC invocations=14 (full 4):
 PSYoungGen      total 924672K, used 12112K [0x00000006f5200000, 0x0000000732980000, 0x00000007c0000000)
  eden space 843264K, 0% used [0x00000006f5200000,0x00000006f5200000,0x0000000728980000)
  from space 81408K, 14% used [0x000000072da00000,0x000000072e5d4210,0x0000000732980000)
  to   space 81920K, 0% used [0x0000000728980000,0x0000000728980000,0x000000072d980000)
 ParOldGen       total 699392K, used 148124K [0x000000055f600000, 0x000000058a100000, 0x00000006f5200000)
  object space 699392K, 21% used [0x000000055f600000,0x00000005686a71b0,0x000000058a100000)
 Metaspace       used 104028K, capacity 106701K, committed 106984K, reserved 1140736K
  class space    used 15270K, capacity 16350K, committed 16400K, reserved 1048576K
}

