# JRE version: OpenJDK Runtime Environment GraalVM CE 21.0.0-dev (11.0.9+10) (build 11.0.9+10-jvmci-20.3-b03)
# Java VM: OpenJDK 64-Bit Server VM GraalVM CE 21.0.0-dev (11.0.9+10-jvmci-20.3-b03, mixed mode, tiered, jvmci, jvmci compiler, compressed oops, parallel gc, windows-amd64)
Heap:
 PSYoungGen      total 1090560K, used 1076667K [0x00000006f5200000, 0x000000073ca00000, 0x00000007c0000000)
  eden space 1025024K, 99% used [0x00000006f5200000,0x0000000733a58970,0x0000000733b00000)
  from space 65536K, 79% used [0x0000000738000000,0x000000073b316510,0x000000073c000000)
  to   space 70656K, 0% used [0x0000000733b00000,0x0000000733b00000,0x0000000738000000)
 ParOldGen       total 699392K, used 90294K [0x000000055f600000, 0x000000058a100000, 0x00000006f5200000)
  object space 699392K, 12% used [0x000000055f600000,0x0000000564e2da38,0x000000058a100000)
 Metaspace       used 108899K, capacity 112026K, committed 112216K, reserved 1144832K
  class space    used 15946K, capacity 17279K, committed 17280K, reserved 1048576K
GC Heap History (20 events):
Event: 1.691 GC heap before
{Heap before GC invocations=3 (full 1):
 PSYoungGen      total 305664K, used 58421K [0x00000006f5200000, 0x000000070a700000, 0x00000007c0000000)
  eden space 262144K, 22% used [0x00000006f5200000,0x00000006f8b0d738,0x0000000705200000)
  from space 43520K, 0% used [0x0000000705200000,0x0000000705200000,0x0000000707c80000)
  to   space 43520K, 0% used [0x0000000707c80000,0x0000000707c80000,0x000000070a700000)
 ParOldGen       total 699392K, used 11730K [0x000000055f600000, 0x000000058a100000, 0x00000006f5200000)
  object space 699392K, 1% used [0x000000055f600000,0x00000005601748e8,0x000000058a100000)
 Metaspace       used 34902K, capacity 35236K, committed 35416K, reserved 1079296K
  class space    used 4517K, capacity 4614K, committed 4736K, reserved 1048576K
}
Event: 1.699 GC heap after
{Heap after GC invocations=3 (full 1):
 PSYoungGen      total 305664K, used 7628K [0x00000006f5200000, 0x000000070a700000, 0x00000007c0000000)
  eden space 262144K, 0% used [0x00000006f5200000,0x00000006f5200000,0x0000000705200000)
  from space 43520K, 17% used [0x0000000707c80000,0x00000007083f33d8,0x000000070a700000)
  to   space 43520K, 0% used [0x0000000705200000,0x0000000705200000,0x0000000707c80000)
 ParOldGen       total 699392K, used 11738K [0x000000055f600000, 0x000000058a100000, 0x00000006f5200000)
  object space 699392K, 1% used [0x000000055f600000,0x00000005601768e8,0x000000058a100000)
 Metaspace       used 34902K, capacity 35236K, committed 35416K, reserved 1079296K
  class space    used 4517K, capacity 4614K, committed 4736K, reserved 1048576K
}
Event: 1.699 GC heap before
{Heap before GC invocations=4 (full 2):
 PSYoungGen      total 305664K, used 7628K [0x00000006f5200000, 0x000000070a700000, 0x00000007c0000000)
  eden space 262144K, 0% used [0x00000006f5200000,0x00000006f5200000,0x0000000705200000)
  from space 43520K, 17% used [0x0000000707c80000,0x00000007083f33d8,0x000000070a700000)
  to   space 43520K, 0% used [0x0000000705200000,0x0000000705200000,0x0000000707c80000)
 ParOldGen       total 699392K, used 11738K [0x000000055f600000, 0x000000058a100000, 0x00000006f5200000)
  object space 699392K, 1% used [0x000000055f600000,0x00000005601768e8,0x000000058a100000)
 Metaspace       used 34902K, capacity 35236K, committed 35416K, reserved 1079296K
  class space    used 4517K, capacity 4614K, committed 4736K, reserved 1048576K
}
Event: 1.758 GC heap after
{Heap after GC invocations=4 (full 2):
 PSYoungGen      total 305664K, used 0K [0x00000006f5200000, 0x000000070a700000, 0x00000007c0000000)
  eden space 262144K, 0% used [0x00000006f5200000,0x00000006f5200000,0x0000000705200000)
  from space 43520K, 0% used [0x0000000707c80000,0x0000000707c80000,0x000000070a700000)
  to   space 43520K, 0% used [0x0000000705200000,0x0000000705200000,0x0000000707c80000)
 ParOldGen       total 699392K, used 18587K [0x000000055f600000, 0x000000058a100000, 0x00000006f5200000)
  object space 699392K, 2% used [0x000000055f600000,0x0000000560826e28,0x000000058a100000)
 Metaspace       used 34899K, capacity 35230K, committed 35416K, reserved 1079296K
  class space    used 4517K, capacity 4613K, committed 4736K, reserved 1048576K
}
Event: 2.728 GC heap before
{Heap before GC invocations=5 (full 2):
 PSYoungGen      total 305664K, used 110183K [0x00000006f5200000, 0x000000070a700000, 0x00000007c0000000)
  eden space 262144K, 42% used [0x00000006f5200000,0x00000006fbd99ff0,0x0000000705200000)
  from space 43520K, 0% used [0x0000000707c80000,0x0000000707c80000,0x000000070a700000)
  to   space 43520K, 0% used [0x0000000705200000,0x0000000705200000,0x0000000707c80000)
 ParOldGen       total 699392K, used 18587K [0x000000055f600000, 0x000000058a100000, 0x00000006f5200000)
  object space 699392K, 2% used [0x000000055f600000,0x0000000560826e28,0x000000058a100000)
 Metaspace       used 58455K, capacity 58886K, committed 58968K, reserved 1099776K
  class space    used 7839K, capacity 7985K, committed 8064K, reserved 1048576K
}
Event: 2.742 GC heap after
{Heap after GC invocations=5 (full 2):
 PSYoungGen      total 305664K, used 17535K [0x00000006f5200000, 0x000000070a700000, 0x00000007c0000000)
  eden space 262144K, 0% used [0x00000006f5200000,0x00000006f5200000,0x0000000705200000)
  from space 43520K, 40% used [0x0000000705200000,0x000000070631fea8,0x0000000707c80000)
  to   space 43520K, 0% used [0x0000000707c80000,0x0000000707c80000,0x000000070a700000)
 ParOldGen       total 699392K, used 18587K [0x000000055f600000, 0x000000058a100000, 0x00000006f5200000)
  object space 699392K, 2% used [0x000000055f600000,0x0000000560826e28,0x000000058a100000)
 Metaspace       used 58455K, capacity 58886K, committed 58968K, reserved 1099776K
  class space    used 7839K, capacity 7985K, committed 8064K, reserved 1048576K
}
Event: 2.743 GC heap before
{Heap before GC invocations=6 (full 3):
 PSYoungGen      total 305664K, used 17535K [0x00000006f5200000, 0x000000070a700000, 0x00000007c0000000)
  eden space 262144K, 0% used [0x00000006f5200000,0x00000006f5200000,0x0000000705200000)
  from space 43520K, 40% used [0x0000000705200000,0x000000070631fea8,0x0000000707c80000)
  to   space 43520K, 0% used [0x0000000707c80000,0x0000000707c80000,0x000000070a700000)
 ParOldGen       total 699392K, used 18587K [0x000000055f600000, 0x000000058a100000, 0x00000006f5200000)
  object space 699392K, 2% used [0x000000055f600000,0x0000000560826e28,0x000000058a100000)
 Metaspace       used 58455K, capacity 58886K, committed 58968K, reserved 1099776K
  class space    used 7839K, capacity 7985K, committed 8064K, reserved 1048576K
}
Event: 2.879 GC heap after
{Heap after GC invocations=6 (full 3):
 PSYoungGen      total 305664K, used 0K [0x00000006f5200000, 0x000000070a700000, 0x00000007c0000000)
  eden space 262144K, 0% used [0x00000006f5200000,0x00000006f5200000,0x0000000705200000)
  from space 43520K, 0% used [0x0000000705200000,0x0000000705200000,0x0000000707c80000)
  to   space 43520K, 0% used [0x0000000707c80000,0x0000000707c80000,0x000000070a700000)
 ParOldGen       total 699392K, used 34836K [0x000000055f600000, 0x000000058a100000, 0x00000006f5200000)
  object space 699392K, 4% used [0x000000055f600000,0x00000005618053b0,0x000000058a100000)
 Metaspace       used 58421K, capacity 58832K, committed 58968K, reserved 1099776K
  class space    used 7834K, capacity 7976K, committed 8064K, reserved 1048576K
}
Event: 10.476 GC heap before
{Heap before GC invocations=7 (full 3):
 PSYoungGen      total 305664K, used 262144K [0x00000006f5200000, 0x000000070a700000, 0x00000007c0000000)
  eden space 262144K, 100% used [0x00000006f5200000,0x0000000705200000,0x0000000705200000)
  from space 43520K, 0% used [0x0000000705200000,0x0000000705200000,0x0000000707c80000)
  to   space 43520K, 0% used [0x0000000707c80000,0x0000000707c80000,0x000000070a700000)
 ParOldGen       total 699392K, used 34836K [0x000000055f600000, 0x000000058a100000, 0x00000006f5200000)
  object space 699392K, 4% used [0x000000055f600000,0x00000005618053b0,0x000000058a100000)
 Metaspace       used 94922K, capacity 96158K, committed 96216K, reserved 1130496K
  class space    used 13930K, capacity 14315K, committed 14336K, reserved 1048576K
}
Event: 10.513 GC heap after
{Heap after GC invocations=7 (full 3):
 PSYoungGen      total 305664K, used 35184K [0x00000006f5200000, 0x000000071a700000, 0x00000007c0000000)
  eden space 262144K, 0% used [0x00000006f5200000,0x00000006f5200000,0x0000000705200000)
  from space 43520K, 80% used [0x0000000707c80000,0x0000000709edc360,0x000000070a700000)
  to   space 43520K, 0% used [0x0000000705200000,0x0000000705200000,0x0000000707c80000)
 ParOldGen       total 699392K, used 34844K [0x000000055f600000, 0x000000058a100000, 0x00000006f5200000)
  object space 699392K, 4% used [0x000000055f600000,0x00000005618073b0,0x000000058a100000)
 Metaspace       used 94922K, capacity 96158K, committed 96216K, reserved 1130496K
  class space    used 13930K, capacity 14315K, committed 14336K, reserved 1048576K
}
Event: 13.130 GC heap before
{Heap before GC invocations=8 (full 3):
 PSYoungGen      total 305664K, used 297328K [0x00000006f5200000, 0x000000071a700000, 0x00000007c0000000)
  eden space 262144K, 100% used [0x00000006f5200000,0x0000000705200000,0x0000000705200000)
  from space 43520K, 80% used [0x0000000707c80000,0x0000000709edc360,0x000000070a700000)
  to   space 43520K, 0% used [0x0000000705200000,0x0000000705200000,0x0000000707c80000)
 ParOldGen       total 699392K, used 34844K [0x000000055f600000, 0x000000058a100000, 0x00000006f5200000)
  object space 699392K, 4% used [0x000000055f600000,0x00000005618073b0,0x000000058a100000)
 Metaspace       used 96538K, capacity 97951K, committed 98264K, reserved 1132544K
  class space    used 14078K, capacity 14533K, committed 14592K, reserved 1048576K
}
Event: 13.184 GC heap after
{Heap after GC invocations=8 (full 3):
 PSYoungGen      total 305664K, used 43501K [0x00000006f5200000, 0x000000071c400000, 0x00000007c0000000)
  eden space 262144K, 0% used [0x00000006f5200000,0x00000006f5200000,0x0000000705200000)
  from space 43520K, 99% used [0x0000000705200000,0x0000000707c7b6e0,0x0000000707c80000)
  to   space 58368K, 0% used [0x0000000718b00000,0x0000000718b00000,0x000000071c400000)
 ParOldGen       total 699392K, used 46829K [0x000000055f600000, 0x000000058a100000, 0x00000006f5200000)
  object space 699392K, 6% used [0x000000055f600000,0x00000005623bb4e8,0x000000058a100000)
 Metaspace       used 96538K, capacity 97951K, committed 98264K, reserved 1132544K
  class space    used 14078K, capacity 14533K, committed 14592K, reserved 1048576K
}
Event: 13.885 GC heap before
{Heap before GC invocations=9 (full 3):
 PSYoungGen      total 305664K, used 151085K [0x00000006f5200000, 0x000000071c400000, 0x00000007c0000000)
  eden space 262144K, 41% used [0x00000006f5200000,0x00000006fbb0fdc0,0x0000000705200000)
  from space 43520K, 99% used [0x0000000705200000,0x0000000707c7b6e0,0x0000000707c80000)
  to   space 58368K, 0% used [0x0000000718b00000,0x0000000718b00000,0x000000071c400000)
 ParOldGen       total 699392K, used 46829K [0x000000055f600000, 0x000000058a100000, 0x00000006f5200000)
  object space 699392K, 6% used [0x000000055f600000,0x00000005623bb4e8,0x000000058a100000)
 Metaspace       used 96847K, capacity 98253K, committed 98264K, reserved 1132544K
  class space    used 14127K, capacity 14587K, committed 14592K, reserved 1048576K
}
Event: 13.941 GC heap after
{Heap after GC invocations=9 (full 3):
 PSYoungGen      total 573440K, used 50749K [0x00000006f5200000, 0x000000071d600000, 0x00000007c0000000)
  eden space 515072K, 0% used [0x00000006f5200000,0x00000006f5200000,0x0000000714900000)
  from space 58368K, 86% used [0x0000000718b00000,0x000000071bc8f7b0,0x000000071c400000)
  to   space 67584K, 0% used [0x0000000714900000,0x0000000714900000,0x0000000718b00000)
 ParOldGen       total 699392K, used 46829K [0x000000055f600000, 0x000000058a100000, 0x00000006f5200000)
  object space 699392K, 6% used [0x000000055f600000,0x00000005623bb4e8,0x000000058a100000)
 Metaspace       used 96847K, capacity 98253K, committed 98264K, reserved 1132544K
  class space    used 14127K, capacity 14587K, committed 14592K, reserved 1048576K
}
Event: 13.941 GC heap before
{Heap before GC invocations=10 (full 4):
 PSYoungGen      total 573440K, used 50749K [0x00000006f5200000, 0x000000071d600000, 0x00000007c0000000)
  eden space 515072K, 0% used [0x00000006f5200000,0x00000006f5200000,0x0000000714900000)
  from space 58368K, 86% used [0x0000000718b00000,0x000000071bc8f7b0,0x000000071c400000)
  to   space 67584K, 0% used [0x0000000714900000,0x0000000714900000,0x0000000718b00000)
 ParOldGen       total 699392K, used 46829K [0x000000055f600000, 0x000000058a100000, 0x00000006f5200000)
  object space 699392K, 6% used [0x000000055f600000,0x00000005623bb4e8,0x000000058a100000)
 Metaspace       used 96847K, capacity 98253K, committed 98264K, reserved 1132544K
  class space    used 14127K, capacity 14587K, committed 14592K, reserved 1048576K
}
Event: 14.320 GC heap after
{Heap after GC invocations=10 (full 4):
 PSYoungGen      total 573440K, used 0K [0x00000006f5200000, 0x000000071d600000, 0x00000007c0000000)
  eden space 515072K, 0% used [0x00000006f5200000,0x00000006f5200000,0x0000000714900000)
  from space 58368K, 0% used [0x0000000718b00000,0x0000000718b00000,0x000000071c400000)
  to   space 67584K, 0% used [0x0000000714900000,0x0000000714900000,0x0000000718b00000)
 ParOldGen       total 699392K, used 90278K [0x000000055f600000, 0x000000058a100000, 0x00000006f5200000)
  object space 699392K, 12% used [0x000000055f600000,0x0000000564e29a38,0x000000058a100000)
 Metaspace       used 96810K, capacity 98192K, committed 98264K, reserved 1132544K
  class space    used 14117K, capacity 14568K, committed 14592K, reserved 1048576K
}
Event: 18.652 GC heap before
{Heap before GC invocations=11 (full 4):
 PSYoungGen      total 573440K, used 515072K [0x00000006f5200000, 0x000000071d600000, 0x00000007c0000000)
  eden space 515072K, 100% used [0x00000006f5200000,0x0000000714900000,0x0000000714900000)
  from space 58368K, 0% used [0x0000000718b00000,0x0000000718b00000,0x000000071c400000)
  to   space 67584K, 0% used [0x0000000714900000,0x0000000714900000,0x0000000718b00000)
 ParOldGen       total 699392K, used 90278K [0x000000055f600000, 0x000000058a100000, 0x00000006f5200000)
  object space 699392K, 12% used [0x000000055f600000,0x0000000564e29a38,0x000000058a100000)
 Metaspace       used 98467K, capacity 99911K, committed 100056K, reserved 1134592K
  class space    used 14318K, capacity 14795K, committed 14848K, reserved 1048576K
}
Event: 18.696 GC heap after
{Heap after GC invocations=11 (full 4):
 PSYoungGen      total 582656K, used 36089K [0x00000006f5200000, 0x000000073c000000, 0x00000007c0000000)
  eden space 515072K, 0% used [0x00000006f5200000,0x00000006f5200000,0x0000000714900000)
  from space 67584K, 53% used [0x0000000714900000,0x0000000716c3e7d8,0x0000000718b00000)
  to   space 65536K, 0% used [0x0000000738000000,0x0000000738000000,0x000000073c000000)
 ParOldGen       total 699392K, used 90286K [0x000000055f600000, 0x000000058a100000, 0x00000006f5200000)
  object space 699392K, 12% used [0x000000055f600000,0x0000000564e2ba38,0x000000058a100000)
 Metaspace       used 98467K, capacity 99911K, committed 100056K, reserved 1134592K
  class space    used 14318K, capacity 14795K, committed 14848K, reserved 1048576K
}
Event: 21.428 GC heap before
{Heap before GC invocations=12 (full 4):
 PSYoungGen      total 582656K, used 551161K [0x00000006f5200000, 0x000000073c000000, 0x00000007c0000000)
  eden space 515072K, 100% used [0x00000006f5200000,0x0000000714900000,0x0000000714900000)
  from space 67584K, 53% used [0x0000000714900000,0x0000000716c3e7d8,0x0000000718b00000)
  to   space 65536K, 0% used [0x0000000738000000,0x0000000738000000,0x000000073c000000)
 ParOldGen       total 699392K, used 90286K [0x000000055f600000, 0x000000058a100000, 0x00000006f5200000)
  object space 699392K, 12% used [0x000000055f600000,0x0000000564e2ba38,0x000000058a100000)
 Metaspace       used 100782K, capacity 102456K, committed 102616K, reserved 1136640K
  class space    used 14724K, capacity 15327K, committed 15360K, reserved 1048576K
}
Event: 21.482 GC heap after
{Heap after GC invocations=12 (full 4):
 PSYoungGen      total 1090560K, used 52313K [0x00000006f5200000, 0x000000073ca00000, 0x00000007c0000000)
  eden space 1025024K, 0% used [0x00000006f5200000,0x00000006f5200000,0x0000000733b00000)
  from space 65536K, 79% used [0x0000000738000000,0x000000073b316510,0x000000073c000000)
  to   space 70656K, 0% used [0x0000000733b00000,0x0000000733b00000,0x0000000738000000)
 ParOldGen       total 699392K, used 90294K [0x000000055f600000, 0x000000058a100000, 0x00000006f5200000)
  object space 699392K, 12% used [0x000000055f600000,0x0000000564e2da38,0x000000058a100000)
 Metaspace       used 100782K, capacity 102456K, committed 102616K, reserved 1136640K
  class space    used 14724K, capacity 15327K, committed 15360K, reserved 1048576K
}

